#
# A fatal error has been detected by the Java Runtime Environment:
#
#  EXCEPTION_PRIV_INSTRUCTION (0xc0000096) at pc=0x00007ff824c96ae6, pid=1220, tid=9480
#
# JRE version: OpenJDK Runtime Environment Temurin-17.0.7+7 (17.0.7+7) (build 17.0.7+7)
# Java VM: OpenJDK 64-Bit Server VM Temurin-17.0.7+7 (17.0.7+7, mixed mode, emulated-client, tiered, compressed oops, compressed class ptrs, g1 gc, windows-amd64)
# Problematic frame:
# V  [jvm.dll+0xd6ae6]
#
# No core dump will be written. Minidumps are not enabled by default on client versions of Windows
#
# If you would like to submit a bug report, please visit:
#   https://github.com/adoptium/adoptium-support/issues
#

---------------  S U M M A R Y ------------

Command Line: -Dcom.sun.management.jmxremote -Dcom.sun.management.jmxremote.port=51684 -Dcom.sun.management.jmxremote.authenticate=false -Dcom.sun.management.jmxremote.ssl=false -Djava.rmi.server.hostname=localhost -Dspring.jmx.enabled=true -Dmanagement.endpoints.jmx.exposure.include=* -Dspring.application.admin.enabled=true -XX:TieredStopAtLevel=1 -Dspring.boot.project.name=DataJPA12-AssociationMapping-OneToManyBi -Dfile.encoding=UTF-8 -XX:+ShowCodeDetailsInExceptionMessages com.nt.DataJpa12AssociationMappingOneToManyBiApplication --spring.output.ansi.enabled=always

Host: Intel(R) Core(TM) i3-7100 CPU @ 3.90GHz, 4 cores, 7G,  Windows 10 , 64 bit Build 19041 (10.0.19041.2913)
Time: Thu Jun  1 11:31:37 2023 India Standard Time elapsed time: 0.111274 seconds (0d 0h 0m 0s)

---------------  T H R E A D  ---------------

Current thread (0x0000018a4a97a4e0):  JavaThread "main" [_thread_in_vm, id=9480, stack(0x00000062c4000000,0x00000062c4100000)]

Stack: [0x00000062c4000000,0x00000062c4100000],  sp=0x00000062c40fc390,  free space=1008k
Native frames: (J=compiled Java code, j=interpreted, Vv=VM code, C=native code)
V  [jvm.dll+0xd6ae6]
V  [jvm.dll+0x6e7bcd]
V  [jvm.dll+0x6eb22f]
V  [jvm.dll+0x6dc6c2]
V  [jvm.dll+0x6de0f4]
V  [jvm.dll+0x62944c]
V  [jvm.dll+0x371bb3]
V  [jvm.dll+0x370bc4]
V  [jvm.dll+0x370b68]
V  [jvm.dll+0x80aada]
C  0x0000018a4f83d0a8

Java frames: (J=compiled Java code, j=interpreted, Vv=VM code)
j  jdk.internal.misc.Unsafe.ensureClassInitialized0(Ljava/lang/Class;)V+0 java.base@17.0.7
j  jdk.internal.misc.Unsafe.ensureClassInitialized(Ljava/lang/Class;)V+14 java.base@17.0.7
j  java.lang.invoke.DirectMethodHandle.<clinit>()V+85 java.base@17.0.7
v  ~StubRoutines::call_stub
j  java.lang.invoke.MethodHandles$Lookup.getDirectMethodCommon(BLjava/lang/Class;Ljava/lang/invoke/MemberName;ZZLjava/lang/invoke/MethodHandles$Lookup;)Ljava/lang/invoke/MethodHandle;+210 java.base@17.0.7
j  java.lang.invoke.MethodHandles$Lookup.getDirectMethodNoSecurityManager(BLjava/lang/Class;Ljava/lang/invoke/MemberName;Ljava/lang/invoke/MethodHandles$Lookup;)Ljava/lang/invoke/MethodHandle;+14 java.base@17.0.7
j  java.lang.invoke.MethodHandles$Lookup.getDirectMethodForConstant(BLjava/lang/Class;Ljava/lang/invoke/MemberName;)Ljava/lang/invoke/MethodHandle;+31 java.base@17.0.7
j  java.lang.invoke.MethodHandles$Lookup.linkMethodHandleConstant(BLjava/lang/Class;Ljava/lang/String;Ljava/lang/Object;)Ljava/lang/invoke/MethodHandle;+153 java.base@17.0.7
j  java.lang.invoke.MethodHandleNatives.linkMethodHandleConstant(Ljava/lang/Class;ILjava/lang/Class;Ljava/lang/String;Ljava/lang/Object;)Ljava/lang/invoke/MethodHandle;+38 java.base@17.0.7
v  ~StubRoutines::call_stub
j  jdk.internal.module.DefaultRoots.compute(Ljava/lang/module/ModuleFinder;Ljava/lang/module/ModuleFinder;)Ljava/util/Set;+11 java.base@17.0.7
j  jdk.internal.module.ModuleBootstrap.boot2()Ljava/lang/ModuleLayer;+727 java.base@17.0.7
j  jdk.internal.module.ModuleBootstrap.boot()Ljava/lang/ModuleLayer;+64 java.base@17.0.7
j  java.lang.System.initPhase2(ZZ)I+0 java.base@17.0.7
v  ~StubRoutines::call_stub

siginfo: EXCEPTION_PRIV_INSTRUCTION (0xc0000096)


Register to memory mapping:

RIP=0x00007ff824c96ae6 jvm.dll
RAX=0x0000018a4f881c9b is at code_begin+27 in 
[CodeBlob (0x0000018a4f881c10)]
Framesize: 0
BufferBlob (0x0000018a4f881c10) used for adapters
RBX=0x00000062c40fcad8 is pointing into the stack for thread: 0x0000018a4a97a4e0
RCX=0x00000062c40fcad8 is pointing into the stack for thread: 0x0000018a4a97a4e0
RDX=0x0000000000000002 is an unknown value
RSP=0x00000062c40fc390 is pointing into the stack for thread: 0x0000018a4a97a4e0
RBP=0x00000062c40fc490 is pointing into the stack for thread: 0x0000018a4a97a4e0
RSI=0x0 is NULL
RDI=0x00000062c40fc7d0 is pointing into the stack for thread: 0x0000018a4a97a4e0
R8 =0x000000000000c300 is an unknown value
R9 =0x00000062c40fcb58 is pointing into the stack for thread: 0x0000018a4a97a4e0
R10=0x00000062c40fc408 is pointing into the stack for thread: 0x0000018a4a97a4e0
R11=0x0000000000000008 is an unknown value
R12=0x00000062c40fce90 is pointing into the stack for thread: 0x0000018a4a97a4e0
R13=0x0000000000000002 is an unknown value
R14=0x0 is NULL
R15=0x00000062c40fccb0 is pointing into the stack for thread: 0x0000018a4a97a4e0


Registers:
RAX=0x0000018a4f881c9b, RBX=0x00000062c40fcad8, RCX=0x00000062c40fcad8, RDX=0x0000000000000002
RSP=0x00000062c40fc390, RBP=0x00000062c40fc490, RSI=0x0000000000000000, RDI=0x00000062c40fc7d0
R8 =0x000000000000c300, R9 =0x00000062c40fcb58, R10=0x00000062c40fc408, R11=0x0000000000000008
R12=0x00000062c40fce90, R13=0x0000000000000002, R14=0x0000000000000000, R15=0x00000062c40fccb0
RIP=0x00007ff824c96ae6, EFLAGS=0x0000000000010246

Top of Stack: (sp=0x00000062c40fc390)
0x00000062c40fc390:   00000062c40fc418 00007ff824c852ea
0x00000062c40fc3a0:   0000000000000008 ffffffffffffffff
0x00000062c40fc3b0:   0000000000000010 000000000000000a
0x00000062c40fc3c0:   00000062c40fcca0 0000000000000000
0x00000062c40fc3d0:   0000000000000000 00007ff824c959cd
0x00000062c40fc3e0:   000083480001cad8 00000062c40fc5d0
0x00000062c40fc3f0:   0000000000000018 ffffffffffffffff
0x00000062c40fc400:   ffffffffffffffff 0000004000000018
0x00000062c40fc410:   00000062c40fc498 00007ff800000000
0x00000062c40fc420:   0000000000000000 ffffffffffffffff
0x00000062c40fc430:   0000000000000000 0000000000000020
0x00000062c40fc440:   00000062c40fcad8 00007ff82517992f
0x00000062c40fc450:   0000000000000000 0000018a5e0c9590
0x00000062c40fc460:   0000000000000003 00007ff8251debad
0x00000062c40fc470:   0000000000000000 ffffffffffffffff
0x00000062c40fc480:   ffffffffffffffff 00000018ffffffff 

Instructions: (pc=0x00007ff824c96ae6)
0x00007ff824c969e6:   81 a2 00 44 8b c6 48 8b 4a 10 88 01 48 8d 41 01
0x00007ff824c969f6:   48 89 42 10 48 8b cf 8b d3 74 07 e8 9a e2 00 00
0x00007ff824c96a06:   eb 05 e8 23 e1 00 00 48 8b 4f 08 8b d0 44 8b 05
0x00007ff824c96a16:   f2 80 a2 00 48 8b 41 10 c6 00 0f 48 ff c0 48 89
0x00007ff824c96a26:   41 10 45 85 c0 7e 12 48 8b 4f 08 48 8b 41 10 44
0x00007ff824c96a36:   88 00 48 ff c0 48 89 41 10 8b da 48 8b 4f 08 80
0x00007ff824c96a46:   cb c0 48 8b bc 24 a8 00 00 00 48 8b b4 24 a0 00
0x00007ff824c96a56:   00 00 48 8b 41 10 88 58 01 48 8b 9c 24 90 00 00
0x00007ff824c96a66:   00 c6 00 10 48 83 c0 02 48 89 41 10 48 8b 44 24
0x00007ff824c96a76:   70 48 85 c0 74 04 4c 89 70 20 48 81 c4 80 00 00
0x00007ff824c96a86:   00 41 5e c3 cc cc cc cc cc cc 48 8b c4 55 53 41
0x00007ff824c96a96:   57 48 8d 68 c8 48 81 ec 20 01 00 00 4c 8b 49 08
0x00007ff824c96aa6:   48 8b d9 66 0f 6f 05 ff 08 84 00 48 89 70 08 48
0x00007ff824c96ab6:   8b f2 48 89 78 10 49 8b f8 49 8b 41 10 49 89 41
0x00007ff824c96ac6:   08 4c 8b 05 52 30 a8 00 48 8b 15 c3 a0 a2 00 49
0x00007ff824c96ad6:   c1 e8 1b 41 80 e0 01 66 c7 44 24 52 01 00 48 83
0x00007ff824c96ae6:   fa 03 44 88 44 24 50 66 c7 44 24 55 00 01 0f 9c
0x00007ff824c96af6:   c1 c6 44 24 57 00 45 33 ff 88 4c 24 51 44 89 7c
0x00007ff824c96b06:   24 68 4c 89 7c 24 70 f3 0f 7f 44 24 58 45 84 c0
0x00007ff824c96b16:   74 10 c7 44 24 5c 07 00 00 00 c7 44 24 60 03 00
0x00007ff824c96b26:   00 00 48 8b 05 f9 b4 8d 00 4c 89 a4 24 50 01 00
0x00007ff824c96b36:   00 4c 89 b4 24 58 01 00 00 c6 44 24 54 01 48 85
0x00007ff824c96b46:   d2 0f 8e 3c 01 00 00 48 85 c0 78 0a 48 83 f8 20
0x00007ff824c96b56:   7d 04 b2 01 eb 02 32 d2 0f 10 17 84 d2 44 8b f6
0x00007ff824c96b66:   0f 10 47 10 41 0f 44 c7 41 c1 ee 03 0f 10 4f 20
0x00007ff824c96b76:   41 80 e6 01 66 48 0f 7e d2 0f 29 55 80 0f 29 45
0x00007ff824c96b86:   90 0f 29 4d a0 48 83 fa 0f 77 0a 83 fa 08 7c 05
0x00007ff824c96b96:   41 b2 01 eb 03 45 32 d2 44 0f b6 5d a0 4c 8b 45
0x00007ff824c96ba6:   90 45 84 db 74 0c 49 83 f8 1f 77 1a 41 83 f8 08
0x00007ff824c96bb6:   eb 0d 48 8b 55 88 48 83 fa 0f 77 0a 83 fa 08 7c
0x00007ff824c96bc6:   05 41 b1 01 eb 03 45 32 c9 48 89 5c 24 70 48 8d
0x00007ff824c96bd6:   54 24 50 48 89 53 20 41 bc 01 00 00 00 48 8b 15 


Stack slot to memory mapping:
stack at sp + 0 slots: 0x00000062c40fc418 is pointing into the stack for thread: 0x0000018a4a97a4e0
stack at sp + 1 slots: 0x00007ff824c852ea jvm.dll
stack at sp + 2 slots: 0x0000000000000008 is an unknown value
stack at sp + 3 slots: 0xffffffffffffffff is an unknown value
stack at sp + 4 slots: 0x0000000000000010 is an unknown value
stack at sp + 5 slots: 0x000000000000000a is an unknown value
stack at sp + 6 slots: 0x00000062c40fcca0 is pointing into the stack for thread: 0x0000018a4a97a4e0
stack at sp + 7 slots: 0x0 is NULL


---------------  P R O C E S S  ---------------

Threads class SMR info:
_java_thread_list=0x0000018a59eb4420, length=9, elements={
0x0000018a4a97a4e0, 0x0000018a59ea93f0, 0x0000018a59eaab90, 0x0000018a59eb7f50,
0x0000018a59eb8a10, 0x0000018a59ebca90, 0x0000018a5e01a000, 0x0000018a5e01d820,
0x0000018a5e0208d0
}

Java Threads: ( => current thread )
=>0x0000018a4a97a4e0 JavaThread "main" [_thread_in_vm, id=9480, stack(0x00000062c4000000,0x00000062c4100000)]
  0x0000018a59ea93f0 JavaThread "Reference Handler" daemon [_thread_blocked, id=5412, stack(0x00000062c4700000,0x00000062c4800000)]
  0x0000018a59eaab90 JavaThread "Finalizer" daemon [_thread_blocked, id=8588, stack(0x00000062c4800000,0x00000062c4900000)]
  0x0000018a59eb7f50 JavaThread "Signal Dispatcher" daemon [_thread_blocked, id=4808, stack(0x00000062c4900000,0x00000062c4a00000)]
  0x0000018a59eb8a10 JavaThread "Attach Listener" daemon [_thread_blocked, id=8368, stack(0x00000062c4a00000,0x00000062c4b00000)]
  0x0000018a59ebca90 JavaThread "Service Thread" daemon [_thread_blocked, id=744, stack(0x00000062c4b00000,0x00000062c4c00000)]
  0x0000018a5e01a000 JavaThread "Monitor Deflation Thread" daemon [_thread_blocked, id=7856, stack(0x00000062c4c00000,0x00000062c4d00000)]
  0x0000018a5e01d820 JavaThread "C1 CompilerThread0" daemon [_thread_blocked, id=4960, stack(0x00000062c4d00000,0x00000062c4e00000)]
  0x0000018a5e0208d0 JavaThread "Sweeper thread" daemon [_thread_blocked, id=9224, stack(0x00000062c4e00000,0x00000062c4f00000)]

Other Threads:
  0x0000018a59e84630 VMThread "VM Thread" [stack: 0x00000062c4600000,0x00000062c4700000] [id=6388]
  0x0000018a4a9d3ac0 GCTaskThread "GC Thread#0" [stack: 0x00000062c4100000,0x00000062c4200000] [id=5640]
  0x0000018a4a9e4650 ConcurrentGCThread "G1 Main Marker" [stack: 0x00000062c4200000,0x00000062c4300000] [id=2008]
  0x0000018a4a9e5850 ConcurrentGCThread "G1 Conc#0" [stack: 0x00000062c4300000,0x00000062c4400000] [id=8488]
  0x0000018a59ce24b0 ConcurrentGCThread "G1 Refine#0" [stack: 0x00000062c4400000,0x00000062c4500000] [id=10068]
  0x0000018a4aa3b6f0 ConcurrentGCThread "G1 Service" [stack: 0x00000062c4500000,0x00000062c4600000] [id=992]

Threads with active compile tasks:

VM state: not at safepoint (normal execution)

VM Mutex/Monitor currently owned by a thread:  ([mutex/lock_event])
[0x0000018a4a975680] AdapterHandlerLibrary_lock - owner thread: 0x0000018a4a97a4e0

Heap address: 0x0000000081600000, size: 2026 MB, Compressed Oops mode: 32-bit

CDS archive(s) not mapped
Compressed class space mapped at: 0x0000000100000000-0x0000000140000000, reserved size: 1073741824
Narrow klass base: 0x0000000000000000, Narrow klass shift: 3, Narrow klass range: 0x140000000

GC Precious Log:
 CPUs: 4 total, 4 available
 Memory: 8101M
 Large Page Support: Disabled
 NUMA Support: Disabled
 Compressed Oops: Enabled (32-bit)
 Heap Region Size: 1M
 Heap Min Capacity: 8M
 Heap Initial Capacity: 128M
 Heap Max Capacity: 2026M
 Pre-touch: Disabled
 Parallel Workers: 4
 Concurrent Workers: 1
 Concurrent Refinement Workers: 4
 Periodic GC: Disabled

Heap:
 garbage-first heap   total 131072K, used 0K [0x0000000081600000, 0x0000000100000000)
  region size 1024K, 1 young (1024K), 0 survivors (0K)
 Metaspace       used 3587K, committed 3648K, reserved 1114112K
  class space    used 280K, committed 320K, reserved 1048576K

Heap Regions: E=young(eden), S=young(survivor), O=old, HS=humongous(starts), HC=humongous(continues), CS=collection set, F=free, OA=open archive, CA=closed archive, TAMS=top-at-mark-start (previous, next)
|   0|0x0000000081600000, 0x0000000081600000, 0x0000000081700000|  0%| F|  |TAMS 0x0000000081600000, 0x0000000081600000| Untracked 
|   1|0x0000000081700000, 0x0000000081700000, 0x0000000081800000|  0%| F|  |TAMS 0x0000000081700000, 0x0000000081700000| Untracked 
|   2|0x0000000081800000, 0x0000000081800000, 0x0000000081900000|  0%| F|  |TAMS 0x0000000081800000, 0x0000000081800000| Untracked 
|   3|0x0000000081900000, 0x0000000081900000, 0x0000000081a00000|  0%| F|  |TAMS 0x0000000081900000, 0x0000000081900000| Untracked 
|   4|0x0000000081a00000, 0x0000000081a00000, 0x0000000081b00000|  0%| F|  |TAMS 0x0000000081a00000, 0x0000000081a00000| Untracked 
|   5|0x0000000081b00000, 0x0000000081b00000, 0x0000000081c00000|  0%| F|  |TAMS 0x0000000081b00000, 0x0000000081b00000| Untracked 
|   6|0x0000000081c00000, 0x0000000081c00000, 0x0000000081d00000|  0%| F|  |TAMS 0x0000000081c00000, 0x0000000081c00000| Untracked 
|   7|0x0000000081d00000, 0x0000000081d00000, 0x0000000081e00000|  0%| F|  |TAMS 0x0000000081d00000, 0x0000000081d00000| Untracked 
|   8|0x0000000081e00000, 0x0000000081e00000, 0x0000000081f00000|  0%| F|  |TAMS 0x0000000081e00000, 0x0000000081e00000| Untracked 
|   9|0x0000000081f00000, 0x0000000081f00000, 0x0000000082000000|  0%| F|  |TAMS 0x0000000081f00000, 0x0000000081f00000| Untracked 
|  10|0x0000000082000000, 0x0000000082000000, 0x0000000082100000|  0%| F|  |TAMS 0x0000000082000000, 0x0000000082000000| Untracked 
|  11|0x0000000082100000, 0x0000000082100000, 0x0000000082200000|  0%| F|  |TAMS 0x0000000082100000, 0x0000000082100000| Untracked 
|  12|0x0000000082200000, 0x0000000082200000, 0x0000000082300000|  0%| F|  |TAMS 0x0000000082200000, 0x0000000082200000| Untracked 
|  13|0x0000000082300000, 0x0000000082300000, 0x0000000082400000|  0%| F|  |TAMS 0x0000000082300000, 0x0000000082300000| Untracked 
|  14|0x0000000082400000, 0x0000000082400000, 0x0000000082500000|  0%| F|  |TAMS 0x0000000082400000, 0x0000000082400000| Untracked 
|  15|0x0000000082500000, 0x0000000082500000, 0x0000000082600000|  0%| F|  |TAMS 0x0000000082500000, 0x0000000082500000| Untracked 
|  16|0x0000000082600000, 0x0000000082600000, 0x0000000082700000|  0%| F|  |TAMS 0x0000000082600000, 0x0000000082600000| Untracked 
|  17|0x0000000082700000, 0x0000000082700000, 0x0000000082800000|  0%| F|  |TAMS 0x0000000082700000, 0x0000000082700000| Untracked 
|  18|0x0000000082800000, 0x0000000082800000, 0x0000000082900000|  0%| F|  |TAMS 0x0000000082800000, 0x0000000082800000| Untracked 
|  19|0x0000000082900000, 0x0000000082900000, 0x0000000082a00000|  0%| F|  |TAMS 0x0000000082900000, 0x0000000082900000| Untracked 
|  20|0x0000000082a00000, 0x0000000082a00000, 0x0000000082b00000|  0%| F|  |TAMS 0x0000000082a00000, 0x0000000082a00000| Untracked 
|  21|0x0000000082b00000, 0x0000000082b00000, 0x0000000082c00000|  0%| F|  |TAMS 0x0000000082b00000, 0x0000000082b00000| Untracked 
|  22|0x0000000082c00000, 0x0000000082c00000, 0x0000000082d00000|  0%| F|  |TAMS 0x0000000082c00000, 0x0000000082c00000| Untracked 
|  23|0x0000000082d00000, 0x0000000082d00000, 0x0000000082e00000|  0%| F|  |TAMS 0x0000000082d00000, 0x0000000082d00000| Untracked 
|  24|0x0000000082e00000, 0x0000000082e00000, 0x0000000082f00000|  0%| F|  |TAMS 0x0000000082e00000, 0x0000000082e00000| Untracked 
|  25|0x0000000082f00000, 0x0000000082f00000, 0x0000000083000000|  0%| F|  |TAMS 0x0000000082f00000, 0x0000000082f00000| Untracked 
|  26|0x0000000083000000, 0x0000000083000000, 0x0000000083100000|  0%| F|  |TAMS 0x0000000083000000, 0x0000000083000000| Untracked 
|  27|0x0000000083100000, 0x0000000083100000, 0x0000000083200000|  0%| F|  |TAMS 0x0000000083100000, 0x0000000083100000| Untracked 
|  28|0x0000000083200000, 0x0000000083200000, 0x0000000083300000|  0%| F|  |TAMS 0x0000000083200000, 0x0000000083200000| Untracked 
|  29|0x0000000083300000, 0x0000000083300000, 0x0000000083400000|  0%| F|  |TAMS 0x0000000083300000, 0x0000000083300000| Untracked 
|  30|0x0000000083400000, 0x0000000083400000, 0x0000000083500000|  0%| F|  |TAMS 0x0000000083400000, 0x0000000083400000| Untracked 
|  31|0x0000000083500000, 0x0000000083500000, 0x0000000083600000|  0%| F|  |TAMS 0x0000000083500000, 0x0000000083500000| Untracked 
|  32|0x0000000083600000, 0x0000000083600000, 0x0000000083700000|  0%| F|  |TAMS 0x0000000083600000, 0x0000000083600000| Untracked 
|  33|0x0000000083700000, 0x0000000083700000, 0x0000000083800000|  0%| F|  |TAMS 0x0000000083700000, 0x0000000083700000| Untracked 
|  34|0x0000000083800000, 0x0000000083800000, 0x0000000083900000|  0%| F|  |TAMS 0x0000000083800000, 0x0000000083800000| Untracked 
|  35|0x0000000083900000, 0x0000000083900000, 0x0000000083a00000|  0%| F|  |TAMS 0x0000000083900000, 0x0000000083900000| Untracked 
|  36|0x0000000083a00000, 0x0000000083a00000, 0x0000000083b00000|  0%| F|  |TAMS 0x0000000083a00000, 0x0000000083a00000| Untracked 
|  37|0x0000000083b00000, 0x0000000083b00000, 0x0000000083c00000|  0%| F|  |TAMS 0x0000000083b00000, 0x0000000083b00000| Untracked 
|  38|0x0000000083c00000, 0x0000000083c00000, 0x0000000083d00000|  0%| F|  |TAMS 0x0000000083c00000, 0x0000000083c00000| Untracked 
|  39|0x0000000083d00000, 0x0000000083d00000, 0x0000000083e00000|  0%| F|  |TAMS 0x0000000083d00000, 0x0000000083d00000| Untracked 
|  40|0x0000000083e00000, 0x0000000083e00000, 0x0000000083f00000|  0%| F|  |TAMS 0x0000000083e00000, 0x0000000083e00000| Untracked 
|  41|0x0000000083f00000, 0x0000000083f00000, 0x0000000084000000|  0%| F|  |TAMS 0x0000000083f00000, 0x0000000083f00000| Untracked 
|  42|0x0000000084000000, 0x0000000084000000, 0x0000000084100000|  0%| F|  |TAMS 0x0000000084000000, 0x0000000084000000| Untracked 
|  43|0x0000000084100000, 0x0000000084100000, 0x0000000084200000|  0%| F|  |TAMS 0x0000000084100000, 0x0000000084100000| Untracked 
|  44|0x0000000084200000, 0x0000000084200000, 0x0000000084300000|  0%| F|  |TAMS 0x0000000084200000, 0x0000000084200000| Untracked 
|  45|0x0000000084300000, 0x0000000084300000, 0x0000000084400000|  0%| F|  |TAMS 0x0000000084300000, 0x0000000084300000| Untracked 
|  46|0x0000000084400000, 0x0000000084400000, 0x0000000084500000|  0%| F|  |TAMS 0x0000000084400000, 0x0000000084400000| Untracked 
|  47|0x0000000084500000, 0x0000000084500000, 0x0000000084600000|  0%| F|  |TAMS 0x0000000084500000, 0x0000000084500000| Untracked 
|  48|0x0000000084600000, 0x0000000084600000, 0x0000000084700000|  0%| F|  |TAMS 0x0000000084600000, 0x0000000084600000| Untracked 
|  49|0x0000000084700000, 0x0000000084700000, 0x0000000084800000|  0%| F|  |TAMS 0x0000000084700000, 0x0000000084700000| Untracked 
|  50|0x0000000084800000, 0x0000000084800000, 0x0000000084900000|  0%| F|  |TAMS 0x0000000084800000, 0x0000000084800000| Untracked 
|  51|0x0000000084900000, 0x0000000084900000, 0x0000000084a00000|  0%| F|  |TAMS 0x0000000084900000, 0x0000000084900000| Untracked 
|  52|0x0000000084a00000, 0x0000000084a00000, 0x0000000084b00000|  0%| F|  |TAMS 0x0000000084a00000, 0x0000000084a00000| Untracked 
|  53|0x0000000084b00000, 0x0000000084b00000, 0x0000000084c00000|  0%| F|  |TAMS 0x0000000084b00000, 0x0000000084b00000| Untracked 
|  54|0x0000000084c00000, 0x0000000084c00000, 0x0000000084d00000|  0%| F|  |TAMS 0x0000000084c00000, 0x0000000084c00000| Untracked 
|  55|0x0000000084d00000, 0x0000000084d00000, 0x0000000084e00000|  0%| F|  |TAMS 0x0000000084d00000, 0x0000000084d00000| Untracked 
|  56|0x0000000084e00000, 0x0000000084e00000, 0x0000000084f00000|  0%| F|  |TAMS 0x0000000084e00000, 0x0000000084e00000| Untracked 
|  57|0x0000000084f00000, 0x0000000084f00000, 0x0000000085000000|  0%| F|  |TAMS 0x0000000084f00000, 0x0000000084f00000| Untracked 
|  58|0x0000000085000000, 0x0000000085000000, 0x0000000085100000|  0%| F|  |TAMS 0x0000000085000000, 0x0000000085000000| Untracked 
|  59|0x0000000085100000, 0x0000000085100000, 0x0000000085200000|  0%| F|  |TAMS 0x0000000085100000, 0x0000000085100000| Untracked 
|  60|0x0000000085200000, 0x0000000085200000, 0x0000000085300000|  0%| F|  |TAMS 0x0000000085200000, 0x0000000085200000| Untracked 
|  61|0x0000000085300000, 0x0000000085300000, 0x0000000085400000|  0%| F|  |TAMS 0x0000000085300000, 0x0000000085300000| Untracked 
|  62|0x0000000085400000, 0x0000000085400000, 0x0000000085500000|  0%| F|  |TAMS 0x0000000085400000, 0x0000000085400000| Untracked 
|  63|0x0000000085500000, 0x0000000085500000, 0x0000000085600000|  0%| F|  |TAMS 0x0000000085500000, 0x0000000085500000| Untracked 
|  64|0x0000000085600000, 0x0000000085600000, 0x0000000085700000|  0%| F|  |TAMS 0x0000000085600000, 0x0000000085600000| Untracked 
|  65|0x0000000085700000, 0x0000000085700000, 0x0000000085800000|  0%| F|  |TAMS 0x0000000085700000, 0x0000000085700000| Untracked 
|  66|0x0000000085800000, 0x0000000085800000, 0x0000000085900000|  0%| F|  |TAMS 0x0000000085800000, 0x0000000085800000| Untracked 
|  67|0x0000000085900000, 0x0000000085900000, 0x0000000085a00000|  0%| F|  |TAMS 0x0000000085900000, 0x0000000085900000| Untracked 
|  68|0x0000000085a00000, 0x0000000085a00000, 0x0000000085b00000|  0%| F|  |TAMS 0x0000000085a00000, 0x0000000085a00000| Untracked 
|  69|0x0000000085b00000, 0x0000000085b00000, 0x0000000085c00000|  0%| F|  |TAMS 0x0000000085b00000, 0x0000000085b00000| Untracked 
|  70|0x0000000085c00000, 0x0000000085c00000, 0x0000000085d00000|  0%| F|  |TAMS 0x0000000085c00000, 0x0000000085c00000| Untracked 
|  71|0x0000000085d00000, 0x0000000085d00000, 0x0000000085e00000|  0%| F|  |TAMS 0x0000000085d00000, 0x0000000085d00000| Untracked 
|  72|0x0000000085e00000, 0x0000000085e00000, 0x0000000085f00000|  0%| F|  |TAMS 0x0000000085e00000, 0x0000000085e00000| Untracked 
|  73|0x0000000085f00000, 0x0000000085f00000, 0x0000000086000000|  0%| F|  |TAMS 0x0000000085f00000, 0x0000000085f00000| Untracked 
|  74|0x0000000086000000, 0x0000000086000000, 0x0000000086100000|  0%| F|  |TAMS 0x0000000086000000, 0x0000000086000000| Untracked 
|  75|0x0000000086100000, 0x0000000086100000, 0x0000000086200000|  0%| F|  |TAMS 0x0000000086100000, 0x0000000086100000| Untracked 
|  76|0x0000000086200000, 0x0000000086200000, 0x0000000086300000|  0%| F|  |TAMS 0x0000000086200000, 0x0000000086200000| Untracked 
|  77|0x0000000086300000, 0x0000000086300000, 0x0000000086400000|  0%| F|  |TAMS 0x0000000086300000, 0x0000000086300000| Untracked 
|  78|0x0000000086400000, 0x0000000086400000, 0x0000000086500000|  0%| F|  |TAMS 0x0000000086400000, 0x0000000086400000| Untracked 
|  79|0x0000000086500000, 0x0000000086500000, 0x0000000086600000|  0%| F|  |TAMS 0x0000000086500000, 0x0000000086500000| Untracked 
|  80|0x0000000086600000, 0x0000000086600000, 0x0000000086700000|  0%| F|  |TAMS 0x0000000086600000, 0x0000000086600000| Untracked 
|  81|0x0000000086700000, 0x0000000086700000, 0x0000000086800000|  0%| F|  |TAMS 0x0000000086700000, 0x0000000086700000| Untracked 
|  82|0x0000000086800000, 0x0000000086800000, 0x0000000086900000|  0%| F|  |TAMS 0x0000000086800000, 0x0000000086800000| Untracked 
|  83|0x0000000086900000, 0x0000000086900000, 0x0000000086a00000|  0%| F|  |TAMS 0x0000000086900000, 0x0000000086900000| Untracked 
|  84|0x0000000086a00000, 0x0000000086a00000, 0x0000000086b00000|  0%| F|  |TAMS 0x0000000086a00000, 0x0000000086a00000| Untracked 
|  85|0x0000000086b00000, 0x0000000086b00000, 0x0000000086c00000|  0%| F|  |TAMS 0x0000000086b00000, 0x0000000086b00000| Untracked 
|  86|0x0000000086c00000, 0x0000000086c00000, 0x0000000086d00000|  0%| F|  |TAMS 0x0000000086c00000, 0x0000000086c00000| Untracked 
|  87|0x0000000086d00000, 0x0000000086d00000, 0x0000000086e00000|  0%| F|  |TAMS 0x0000000086d00000, 0x0000000086d00000| Untracked 
|  88|0x0000000086e00000, 0x0000000086e00000, 0x0000000086f00000|  0%| F|  |TAMS 0x0000000086e00000, 0x0000000086e00000| Untracked 
|  89|0x0000000086f00000, 0x0000000086f00000, 0x0000000087000000|  0%| F|  |TAMS 0x0000000086f00000, 0x0000000086f00000| Untracked 
|  90|0x0000000087000000, 0x0000000087000000, 0x0000000087100000|  0%| F|  |TAMS 0x0000000087000000, 0x0000000087000000| Untracked 
|  91|0x0000000087100000, 0x0000000087100000, 0x0000000087200000|  0%| F|  |TAMS 0x0000000087100000, 0x0000000087100000| Untracked 
|  92|0x0000000087200000, 0x0000000087200000, 0x0000000087300000|  0%| F|  |TAMS 0x0000000087200000, 0x0000000087200000| Untracked 
|  93|0x0000000087300000, 0x0000000087300000, 0x0000000087400000|  0%| F|  |TAMS 0x0000000087300000, 0x0000000087300000| Untracked 
|  94|0x0000000087400000, 0x0000000087400000, 0x0000000087500000|  0%| F|  |TAMS 0x0000000087400000, 0x0000000087400000| Untracked 
|  95|0x0000000087500000, 0x0000000087500000, 0x0000000087600000|  0%| F|  |TAMS 0x0000000087500000, 0x0000000087500000| Untracked 
|  96|0x0000000087600000, 0x0000000087600000, 0x0000000087700000|  0%| F|  |TAMS 0x0000000087600000, 0x0000000087600000| Untracked 
|  97|0x0000000087700000, 0x0000000087700000, 0x0000000087800000|  0%| F|  |TAMS 0x0000000087700000, 0x0000000087700000| Untracked 
|  98|0x0000000087800000, 0x0000000087800000, 0x0000000087900000|  0%| F|  |TAMS 0x0000000087800000, 0x0000000087800000| Untracked 
|  99|0x0000000087900000, 0x0000000087900000, 0x0000000087a00000|  0%| F|  |TAMS 0x0000000087900000, 0x0000000087900000| Untracked 
| 100|0x0000000087a00000, 0x0000000087a00000, 0x0000000087b00000|  0%| F|  |TAMS 0x0000000087a00000, 0x0000000087a00000| Untracked 
| 101|0x0000000087b00000, 0x0000000087b00000, 0x0000000087c00000|  0%| F|  |TAMS 0x0000000087b00000, 0x0000000087b00000| Untracked 
| 102|0x0000000087c00000, 0x0000000087c00000, 0x0000000087d00000|  0%| F|  |TAMS 0x0000000087c00000, 0x0000000087c00000| Untracked 
| 103|0x0000000087d00000, 0x0000000087d00000, 0x0000000087e00000|  0%| F|  |TAMS 0x0000000087d00000, 0x0000000087d00000| Untracked 
| 104|0x0000000087e00000, 0x0000000087e00000, 0x0000000087f00000|  0%| F|  |TAMS 0x0000000087e00000, 0x0000000087e00000| Untracked 
| 105|0x0000000087f00000, 0x0000000087f00000, 0x0000000088000000|  0%| F|  |TAMS 0x0000000087f00000, 0x0000000087f00000| Untracked 
| 106|0x0000000088000000, 0x0000000088000000, 0x0000000088100000|  0%| F|  |TAMS 0x0000000088000000, 0x0000000088000000| Untracked 
| 107|0x0000000088100000, 0x0000000088100000, 0x0000000088200000|  0%| F|  |TAMS 0x0000000088100000, 0x0000000088100000| Untracked 
| 108|0x0000000088200000, 0x0000000088200000, 0x0000000088300000|  0%| F|  |TAMS 0x0000000088200000, 0x0000000088200000| Untracked 
| 109|0x0000000088300000, 0x0000000088300000, 0x0000000088400000|  0%| F|  |TAMS 0x0000000088300000, 0x0000000088300000| Untracked 
| 110|0x0000000088400000, 0x0000000088400000, 0x0000000088500000|  0%| F|  |TAMS 0x0000000088400000, 0x0000000088400000| Untracked 
| 111|0x0000000088500000, 0x0000000088500000, 0x0000000088600000|  0%| F|  |TAMS 0x0000000088500000, 0x0000000088500000| Untracked 
| 112|0x0000000088600000, 0x0000000088600000, 0x0000000088700000|  0%| F|  |TAMS 0x0000000088600000, 0x0000000088600000| Untracked 
| 113|0x0000000088700000, 0x0000000088700000, 0x0000000088800000|  0%| F|  |TAMS 0x0000000088700000, 0x0000000088700000| Untracked 
| 114|0x0000000088800000, 0x0000000088800000, 0x0000000088900000|  0%| F|  |TAMS 0x0000000088800000, 0x0000000088800000| Untracked 
| 115|0x0000000088900000, 0x0000000088900000, 0x0000000088a00000|  0%| F|  |TAMS 0x0000000088900000, 0x0000000088900000| Untracked 
| 116|0x0000000088a00000, 0x0000000088a00000, 0x0000000088b00000|  0%| F|  |TAMS 0x0000000088a00000, 0x0000000088a00000| Untracked 
| 117|0x0000000088b00000, 0x0000000088b00000, 0x0000000088c00000|  0%| F|  |TAMS 0x0000000088b00000, 0x0000000088b00000| Untracked 
| 118|0x0000000088c00000, 0x0000000088c00000, 0x0000000088d00000|  0%| F|  |TAMS 0x0000000088c00000, 0x0000000088c00000| Untracked 
| 119|0x0000000088d00000, 0x0000000088d00000, 0x0000000088e00000|  0%| F|  |TAMS 0x0000000088d00000, 0x0000000088d00000| Untracked 
| 120|0x0000000088e00000, 0x0000000088e00000, 0x0000000088f00000|  0%| F|  |TAMS 0x0000000088e00000, 0x0000000088e00000| Untracked 
| 121|0x0000000088f00000, 0x0000000088f00000, 0x0000000089000000|  0%| F|  |TAMS 0x0000000088f00000, 0x0000000088f00000| Untracked 
| 122|0x0000000089000000, 0x0000000089000000, 0x0000000089100000|  0%| F|  |TAMS 0x0000000089000000, 0x0000000089000000| Untracked 
| 123|0x0000000089100000, 0x0000000089100000, 0x0000000089200000|  0%| F|  |TAMS 0x0000000089100000, 0x0000000089100000| Untracked 
| 124|0x0000000089200000, 0x0000000089200000, 0x0000000089300000|  0%| F|  |TAMS 0x0000000089200000, 0x0000000089200000| Untracked 
| 125|0x0000000089300000, 0x0000000089300000, 0x0000000089400000|  0%| F|  |TAMS 0x0000000089300000, 0x0000000089300000| Untracked 
| 126|0x0000000089400000, 0x0000000089400000, 0x0000000089500000|  0%| F|  |TAMS 0x0000000089400000, 0x0000000089400000| Untracked 
| 127|0x0000000089500000, 0x00000000895c7c28, 0x0000000089600000| 78%| E|  |TAMS 0x0000000089500000, 0x0000000089500000| Complete 

Card table byte_map: [0x0000018a530d0000,0x0000018a534d0000] _byte_map_base: 0x0000018a52cc5000

Marking Bits (Prev, Next): (CMBitMap*) 0x0000018a4a9d3fe0, (CMBitMap*) 0x0000018a4a9d4020
 Prev Bits: [0x0000018a538d0000, 0x0000018a55878000)
 Next Bits: [0x0000018a55880000, 0x0000018a57828000)

Polling page: 0x0000018a4aa40000

Metaspace:

Usage:
  Non-class:      3.23 MB used.
      Class:    280.32 KB used.
       Both:      3.50 MB used.

Virtual space:
  Non-class space:       64.00 MB reserved,       3.25 MB (  5%) committed,  1 nodes.
      Class space:        1.00 GB reserved,     320.00 KB ( <1%) committed,  1 nodes.
             Both:        1.06 GB reserved,       3.56 MB ( <1%) committed. 

Chunk freelists:
   Non-Class:  12.00 MB
       Class:  15.62 MB
        Both:  27.62 MB

MaxMetaspaceSize: unlimited
CompressedClassSpaceSize: 1.00 GB
Initial GC threshold: 21.00 MB
Current GC threshold: 21.00 MB
CDS: off
MetaspaceReclaimPolicy: balanced
 - commit_granule_bytes: 65536.
 - commit_granule_words: 8192.
 - virtual_space_node_default_size: 8388608.
 - enlarge_chunks_in_place: 1.
 - new_chunks_are_fully_committed: 0.
 - uncommit_free_chunks: 1.
 - use_allocation_guard: 0.
 - handle_deallocations: 1.


Internal statistics:

num_allocs_failed_limit: 0.
num_arena_births: 2.
num_arena_deaths: 0.
num_vsnodes_births: 2.
num_vsnodes_deaths: 0.
num_space_committed: 57.
num_space_uncommitted: 0.
num_chunks_returned_to_freelist: 0.
num_chunks_taken_from_freelist: 4.
num_chunk_merges: 0.
num_chunk_splits: 2.
num_chunks_enlarged: 0.
num_inconsistent_stats: 0.

CodeCache: size=49152Kb used=1050Kb max_used=1050Kb free=48102Kb
 bounds [0x0000018a4f830000, 0x0000018a4faa0000, 0x0000018a52830000]
 total_blobs=313 nmethods=39 adapters=202
 compilation: enabled
              stopped_count=0, restarted_count=0
 full_count=0

Compilation events (20 events):
Event: 0.080 Thread 0x0000018a5e01d820   29       1       sun.net.www.ParseUtil::match (50 bytes)
Event: 0.080 Thread 0x0000018a5e01d820 nmethod 29 0x0000018a4f932e90 code [0x0000018a4f933020, 0x0000018a4f9331b8]
Event: 0.086 Thread 0x0000018a5e01d820   30       1       java.io.File::getPath (5 bytes)
Event: 0.086 Thread 0x0000018a5e01d820 nmethod 30 0x0000018a4f933210 code [0x0000018a4f9333a0, 0x0000018a4f933478]
Event: 0.088 Thread 0x0000018a5e01d820   31       1       java.lang.StringLatin1::canEncode (13 bytes)
Event: 0.088 Thread 0x0000018a5e01d820 nmethod 31 0x0000018a4f933510 code [0x0000018a4f9336a0, 0x0000018a4f933758]
Event: 0.092 Thread 0x0000018a5e01d820   32       1       java.lang.String::indexOf (29 bytes)
Event: 0.092 Thread 0x0000018a5e01d820 nmethod 32 0x0000018a4f933810 code [0x0000018a4f9339c0, 0x0000018a4f933b18]
Event: 0.092 Thread 0x0000018a5e01d820   33       1       java.lang.StringLatin1::indexOf (36 bytes)
Event: 0.093 Thread 0x0000018a5e01d820 nmethod 33 0x0000018a4f933b90 code [0x0000018a4f933d20, 0x0000018a4f933eb8]
Event: 0.093 Thread 0x0000018a5e01d820   34       1       java.lang.String::indexOf (7 bytes)
Event: 0.093 Thread 0x0000018a5e01d820 nmethod 34 0x0000018a4f933f90 code [0x0000018a4f934140, 0x0000018a4f934298]
Event: 0.095 Thread 0x0000018a5e01d820   35       1       java.util.concurrent.ConcurrentHashMap::tabAt (22 bytes)
Event: 0.096 Thread 0x0000018a5e01d820 nmethod 35 0x0000018a4f934e10 code [0x0000018a4f934fa0, 0x0000018a4f9350b8]
Event: 0.096 Thread 0x0000018a5e01d820   39       1       java.util.ImmutableCollections$SetN$SetNIterator::next (90 bytes)
Event: 0.096 Thread 0x0000018a5e01d820 nmethod 39 0x0000018a4f935190 code [0x0000018a4f935340, 0x0000018a4f9354c8]
Event: 0.096 Thread 0x0000018a5e01d820   36       1       jdk.internal.misc.Unsafe::getReferenceAcquire (7 bytes)
Event: 0.096 Thread 0x0000018a5e01d820 nmethod 36 0x0000018a4f935610 code [0x0000018a4f9357a0, 0x0000018a4f9358b8]
Event: 0.096 Thread 0x0000018a5e01d820   38       1       java.util.concurrent.ConcurrentHashMap::spread (10 bytes)
Event: 0.096 Thread 0x0000018a5e01d820 nmethod 38 0x0000018a4f935910 code [0x0000018a4f935aa0, 0x0000018a4f935b58]

GC Heap History (0 events):
No events

Dll operation events (1 events):
Event: 0.008 Loaded shared library D:\Softwares\eclipse-2022-12\plugins\org.eclipse.justj.openjdk.hotspot.jre.full.win32.x86_64_17.0.7.v20230425-1502\jre\bin\java.dll

Deoptimization events (0 events):
No events

Classes unloaded (0 events):
No events

Classes redefined (0 events):
No events

Internal exceptions (0 events):
No events

VM Operations (0 events):
No events

Events (20 events):
Event: 0.099 loading class jdk/internal/reflect/DelegatingMethodAccessorImpl
Event: 0.099 loading class jdk/internal/reflect/DelegatingMethodAccessorImpl done
Event: 0.099 loading class java/lang/invoke/LambdaMetafactory
Event: 0.099 loading class java/lang/invoke/LambdaMetafactory done
Event: 0.099 loading class java/lang/invoke/MethodType$ConcurrentWeakInternSet
Event: 0.099 loading class java/lang/invoke/MethodType$ConcurrentWeakInternSet done
Event: 0.099 loading class java/lang/Void
Event: 0.099 loading class java/lang/Void done
Event: 0.099 loading class java/lang/invoke/MethodTypeForm
Event: 0.099 loading class java/lang/invoke/MethodTypeForm done
Event: 0.100 loading class java/lang/invoke/MethodType$ConcurrentWeakInternSet$WeakEntry
Event: 0.100 loading class java/lang/invoke/MethodType$ConcurrentWeakInternSet$WeakEntry done
Event: 0.100 loading class sun/invoke/util/Wrapper
Event: 0.100 loading class sun/invoke/util/Wrapper done
Event: 0.100 loading class sun/invoke/util/Wrapper$Format
Event: 0.100 loading class sun/invoke/util/Wrapper$Format done
Event: 0.100 loading class java/lang/invoke/LambdaForm$NamedFunction
Event: 0.100 loading class java/lang/invoke/LambdaForm$NamedFunction done
Event: 0.100 loading class java/lang/invoke/DirectMethodHandle$Holder
Event: 0.100 loading class java/lang/invoke/DirectMethodHandle$Holder done


Dynamic libraries:
0x00007ff6735e0000 - 0x00007ff6735ee000 	D:\Softwares\eclipse-2022-12\plugins\org.eclipse.justj.openjdk.hotspot.jre.full.win32.x86_64_17.0.7.v20230425-1502\jre\bin\javaw.exe
0x00007ff878030000 - 0x00007ff878228000 	C:\WINDOWS\SYSTEM32\ntdll.dll
0x00007ff877b60000 - 0x00007ff877c1f000 	C:\WINDOWS\System32\KERNEL32.DLL
0x00007ff875bd0000 - 0x00007ff875ec6000 	C:\WINDOWS\System32\KERNELBASE.dll
0x00007ff875a30000 - 0x00007ff875b30000 	C:\WINDOWS\System32\ucrtbase.dll
0x00007ff8432a0000 - 0x00007ff8432b9000 	D:\Softwares\eclipse-2022-12\plugins\org.eclipse.justj.openjdk.hotspot.jre.full.win32.x86_64_17.0.7.v20230425-1502\jre\bin\VCRUNTIME140.dll
0x00007ff874bd0000 - 0x00007ff874be7000 	D:\Softwares\eclipse-2022-12\plugins\org.eclipse.justj.openjdk.hotspot.jre.full.win32.x86_64_17.0.7.v20230425-1502\jre\bin\jli.dll
0x00007ff877c20000 - 0x00007ff877dbd000 	C:\WINDOWS\System32\USER32.dll
0x00007ff864b80000 - 0x00007ff864e1a000 	C:\WINDOWS\WinSxS\amd64_microsoft.windows.common-controls_6595b64144ccf1df_6.0.19041.1110_none_60b5254171f9507e\COMCTL32.dll
0x00007ff875770000 - 0x00007ff875792000 	C:\WINDOWS\System32\win32u.dll
0x00007ff877930000 - 0x00007ff8779ce000 	C:\WINDOWS\System32\msvcrt.dll
0x00007ff876170000 - 0x00007ff87619c000 	C:\WINDOWS\System32\GDI32.dll
0x00007ff875910000 - 0x00007ff875a25000 	C:\WINDOWS\System32\gdi32full.dll
0x00007ff875b30000 - 0x00007ff875bcd000 	C:\WINDOWS\System32\msvcp_win.dll
0x00007ff877e70000 - 0x00007ff877ea0000 	C:\WINDOWS\System32\IMM32.DLL
0x00007ff872ad0000 - 0x00007ff872adc000 	D:\Softwares\eclipse-2022-12\plugins\org.eclipse.justj.openjdk.hotspot.jre.full.win32.x86_64_17.0.7.v20230425-1502\jre\bin\vcruntime140_1.dll
0x00007ff829990000 - 0x00007ff829a21000 	D:\Softwares\eclipse-2022-12\plugins\org.eclipse.justj.openjdk.hotspot.jre.full.win32.x86_64_17.0.7.v20230425-1502\jre\bin\msvcp140.dll
0x00007ff824bc0000 - 0x00007ff825808000 	D:\Softwares\eclipse-2022-12\plugins\org.eclipse.justj.openjdk.hotspot.jre.full.win32.x86_64_17.0.7.v20230425-1502\jre\bin\server\jvm.dll
0x00007ff8762e0000 - 0x00007ff87638f000 	C:\WINDOWS\System32\ADVAPI32.dll
0x00007ff877ea0000 - 0x00007ff877f3c000 	C:\WINDOWS\System32\sechost.dll
0x00007ff877a30000 - 0x00007ff877b56000 	C:\WINDOWS\System32\RPCRT4.dll
0x00007ff861dc0000 - 0x00007ff861dc9000 	C:\WINDOWS\SYSTEM32\WSOCK32.dll
0x00007ff876100000 - 0x00007ff87616b000 	C:\WINDOWS\System32\WS2_32.dll
0x00007ff8629a0000 - 0x00007ff8629c7000 	C:\WINDOWS\SYSTEM32\WINMM.dll
0x00007ff8703b0000 - 0x00007ff8703ba000 	C:\WINDOWS\SYSTEM32\VERSION.dll
0x00007ff872f00000 - 0x00007ff872f12000 	C:\WINDOWS\SYSTEM32\kernel.appcore.dll
0x00007ff875290000 - 0x00007ff87529a000 	D:\Softwares\eclipse-2022-12\plugins\org.eclipse.justj.openjdk.hotspot.jre.full.win32.x86_64_17.0.7.v20230425-1502\jre\bin\jimage.dll
0x00007ff875090000 - 0x00007ff875274000 	C:\WINDOWS\SYSTEM32\DBGHELP.DLL
0x00007ff874eb0000 - 0x00007ff874ee4000 	C:\WINDOWS\SYSTEM32\dbgcore.DLL
0x00007ff8757a0000 - 0x00007ff875822000 	C:\WINDOWS\System32\bcryptPrimitives.dll
0x00007ff829d90000 - 0x00007ff829db5000 	D:\Softwares\eclipse-2022-12\plugins\org.eclipse.justj.openjdk.hotspot.jre.full.win32.x86_64_17.0.7.v20230425-1502\jre\bin\java.dll
0x00007ff82e5d0000 - 0x00007ff82e5e8000 	D:\Softwares\eclipse-2022-12\plugins\org.eclipse.justj.openjdk.hotspot.jre.full.win32.x86_64_17.0.7.v20230425-1502\jre\bin\zip.dll
0x00007ff876c90000 - 0x00007ff8773d4000 	C:\WINDOWS\System32\SHELL32.dll
0x00007ff8731e0000 - 0x00007ff873973000 	C:\WINDOWS\SYSTEM32\windows.storage.dll
0x00007ff876730000 - 0x00007ff876a84000 	C:\WINDOWS\System32\combase.dll
0x00007ff874a60000 - 0x00007ff874a8e000 	C:\WINDOWS\SYSTEM32\Wldp.dll
0x00007ff876b70000 - 0x00007ff876c1d000 	C:\WINDOWS\System32\SHCORE.dll
0x00007ff876c30000 - 0x00007ff876c85000 	C:\WINDOWS\System32\shlwapi.dll
0x00007ff8756b0000 - 0x00007ff8756cf000 	C:\WINDOWS\SYSTEM32\profapi.dll

dbghelp: loaded successfully - version: 4.0.5 - missing functions: none
symbol engine: initialized successfully - sym options: 0x614 - pdb path: .;D:\Softwares\eclipse-2022-12\plugins\org.eclipse.justj.openjdk.hotspot.jre.full.win32.x86_64_17.0.7.v20230425-1502\jre\bin;C:\WINDOWS\SYSTEM32;C:\WINDOWS\WinSxS\amd64_microsoft.windows.common-controls_6595b64144ccf1df_6.0.19041.1110_none_60b5254171f9507e;D:\Softwares\eclipse-2022-12\plugins\org.eclipse.justj.openjdk.hotspot.jre.full.win32.x86_64_17.0.7.v20230425-1502\jre\bin\server

VM Arguments:
jvm_args: -Dcom.sun.management.jmxremote -Dcom.sun.management.jmxremote.port=51684 -Dcom.sun.management.jmxremote.authenticate=false -Dcom.sun.management.jmxremote.ssl=false -Djava.rmi.server.hostname=localhost -Dspring.jmx.enabled=true -Dmanagement.endpoints.jmx.exposure.include=* -Dspring.application.admin.enabled=true -XX:TieredStopAtLevel=1 -Dspring.boot.project.name=DataJPA12-AssociationMapping-OneToManyBi -Dfile.encoding=UTF-8 -XX:+ShowCodeDetailsInExceptionMessages 
java_command: com.nt.DataJpa12AssociationMappingOneToManyBiApplication --spring.output.ansi.enabled=always
java_class_path (initial): D:\workspace-eclipse\SpringCoreFeb23\DataJPA12-AssociationMapping-OneToManyBi\bin\main;C:\Users\welcome\.gradle\caches\modules-2\files-2.1\org.projectlombok\lombok\1.18.26\8f8cf0372abf564913e9796623aac4c8ea44025a\lombok-1.18.26.jar;C:\Users\welcome\.gradle\caches\modules-2\files-2.1\org.springframework.boot\spring-boot-starter-data-jpa\3.1.0\1a53916d640ad5d27ba3a3c3d053c9c90ab35bcc\spring-boot-starter-data-jpa-3.1.0.jar;C:\Users\welcome\.gradle\caches\modules-2\files-2.1\org.springframework.boot\spring-boot-starter-aop\3.1.0\417ff6178235117614e2673ad9c24fd530437deb\spring-boot-starter-aop-3.1.0.jar;C:\Users\welcome\.gradle\caches\modules-2\files-2.1\org.springframework.boot\spring-boot-starter-jdbc\3.1.0\1a828c8ec6fd10bb13cf7732799b236b096a4c4a\spring-boot-starter-jdbc-3.1.0.jar;C:\Users\welcome\.gradle\caches\modules-2\files-2.1\org.hibernate.orm\hibernate-core\6.2.2.Final\56cacc4b7b1c887174c73e9c206bdef6272f87e7\hibernate-core-6.2.2.Final.jar;C:\Users\welcome\.gradle\caches\modules-2\files-2.1\org.springframework.data\spring-data-jpa\3.1.0\bed32c8c47d3493091dd6aafd95adba610d9adeb\spring-data-jpa-3.1.0.jar;C:\Users\welcome\.gradle\caches\modules-2\files-2.1\org.springframework\spring-aspects\6.0.9\3b06099725350189816fcfad01834450378500ca\spring-aspects-6.0.9.jar;C:\Users\welcome\.gradle\caches\modules-2\files-2.1\org.springframework.boot\spring-boot-starter\3.1.0\2960a1f899f4ee3eb815dc85986b0428c1a5289f\spring-boot-starter-3.1.0.jar;C:\Users\welcome\.gradle\caches\modules-2\files-2.1\org.springframework.boot\spring-boot-autoconfigure\3.1.0\b06d1f0b08f6f8a2636e364c8941b2dabc4f0b77\spring-boot-autoconfigure-3.1.0.jar;C:\Users\welcome\.gradle\caches\modules-2\files-2.1\org.springframework.boot\spring-boot\3.1.0\efa941e9a2162a3dd8c5e4679f46a24af9e5769f\spring-boot-3.1.0.jar;C:\Users\welcome\.gradle\caches\modules-2\files-2.1\org.springframework\spring-context\6.0.9\be88c57829b9ec038774b47c241ac45673352a55\spring-context-6.0.9.jar;C:\Users\w
Launcher Type: SUN_STANDARD

[Global flags]
     intx CICompilerCount                          = 3                                         {product} {ergonomic}
     uint ConcGCThreads                            = 1                                         {product} {ergonomic}
     uint G1ConcRefinementThreads                  = 4                                         {product} {ergonomic}
   size_t G1HeapRegionSize                         = 1048576                                   {product} {ergonomic}
    uintx GCDrainStackTargetSize                   = 64                                        {product} {ergonomic}
   size_t InitialHeapSize                          = 134217728                                 {product} {ergonomic}
     bool ManagementServer                         = true                                      {product} {command line}
   size_t MarkStackSize                            = 4194304                                   {product} {ergonomic}
   size_t MaxHeapSize                              = 2124414976                                {product} {ergonomic}
   size_t MaxNewSize                               = 1274019840                                {product} {ergonomic}
   size_t MinHeapDeltaBytes                        = 1048576                                   {product} {ergonomic}
   size_t MinHeapSize                              = 8388608                                   {product} {ergonomic}
    uintx NonProfiledCodeHeapSize                  = 0                                      {pd product} {ergonomic}
     bool ProfileInterpreter                       = false                                  {pd product} {command line}
    uintx ProfiledCodeHeapSize                     = 0                                      {pd product} {ergonomic}
     bool ShowCodeDetailsInExceptionMessages       = true                                   {manageable} {command line}
   size_t SoftMaxHeapSize                          = 2124414976                             {manageable} {ergonomic}
     intx TieredStopAtLevel                        = 1                                         {product} {command line}
     bool UseCompressedClassPointers               = true                           {product lp64_product} {ergonomic}
     bool UseCompressedOops                        = true                           {product lp64_product} {ergonomic}
     bool UseG1GC                                  = true                                      {product} {ergonomic}
     bool UseLargePagesIndividualAllocation        = false                                  {pd product} {ergonomic}

Logging:
Log output configuration:
 #0: stdout all=warning uptime,level,tags
 #1: stderr all=off uptime,level,tags

Environment Variables:
JAVA_HOME=C:\jdk-17.0.2
CLASSPATH=.;D:\00Test;D:\Tomcat 10.1\lib\servlet-api.jar;
PATH=D:/Softwares/eclipse-2022-12//plugins/org.eclipse.justj.openjdk.hotspot.jre.full.win32.x86_64_17.0.7.v20230425-1502/jre/bin/server;D:/Softwares/eclipse-2022-12//plugins/org.eclipse.justj.openjdk.hotspot.jre.full.win32.x86_64_17.0.7.v20230425-1502/jre/bin;C:\jdk-17.0.2\bin;C:\jdk-16.0.1\bin;C:\jdk-15.0.2\bin;C:\jdk1.8.0_291\bin;D:\oraclexe\app\oracle\product\11.2.0\server\bin;C:\WINDOWS\system32;C:\WINDOWS;C:\WINDOWS\System32\Wbem;C:\WINDOWS\System32\WindowsPowerShell\v1.0\;C:\WINDOWS\System32\OpenSSH\;D:\Softwares\apache-maven-3.8.1\bin;C:\Program Files\MySQL\MySQL Shell 8.0\bin\;C:\Users\welcome\AppData\Local\Microsoft\WindowsApps;;D:\Softwares\eclipse-2022-12;
USERNAME=welcome
OS=Windows_NT
PROCESSOR_IDENTIFIER=Intel64 Family 6 Model 158 Stepping 9, GenuineIntel
TMP=C:\Users\welcome\AppData\Local\Temp
TEMP=C:\Users\welcome\AppData\Local\Temp



---------------  S Y S T E M  ---------------

OS:
 Windows 10 , 64 bit Build 19041 (10.0.19041.2913)
OS uptime: 0 days 15:14 hours

CPU: total 4 (initial active 4) (2 cores per cpu, 2 threads per core) family 6 model 158 stepping 9 microcode 0xb4, cx8, cmov, fxsr, ht, mmx, 3dnowpref, sse, sse2, sse3, ssse3, sse4.1, sse4.2, popcnt, lzcnt, tsc, tscinvbit, avx, avx2, aes, erms, clmul, bmi1, bmi2, adx, fma, vzeroupper, clflush, clflushopt

Memory: 4k page, system-wide physical 8101M (3222M free)
TotalPageFile size 9381M (AvailPageFile size 2316M)
current process WorkingSet (physical memory assigned to process): 24M, peak: 24M
current process commit charge ("private bytes"): 187M, peak: 187M

vm_info: OpenJDK 64-Bit Server VM (17.0.7+7) for windows-amd64 JRE (17.0.7+7), built on Apr 18 2023 22:10:42 by "temurin" with MS VC++ 16.7 (VS2019)

END.
